<?xml version="1.0" encoding="UTF-8"?>
<!-- Generated by org.testng.reporters.JUnitXMLReporter -->
<testsuite ignored="8" hostname="LAPTOP-5VTFGCLM" failures="1" tests="3" name="Test" time="13.56" errors="0" timestamp="2024-04-02T08:29:21 IST">
  <testcase classname="testscript.ManageDeliveryBoyTest" name="verifyDeliverBoyStatusGettingChangedByStatusButtonClick" time="2.227">
    <skipped/>
  </testcase> <!-- verifyDeliverBoyStatusGettingChangedByStatusButtonClick -->
  <testcase classname="testscript.ManageDeliveryBoyTest" name="verifyDeliverBoyStatusGettingChangedByStatusButtonClick" time="1.43">
    <skipped/>
  </testcase> <!-- verifyDeliverBoyStatusGettingChangedByStatusButtonClick -->
  <testcase classname="testscript.ManageDeliveryBoyTest" name="verifyDeliverBoyStatusGettingChangedByStatusButtonClick" time="1.375">
    <failure type="java.lang.AssertionError" message="Delivery boy status didn&amp;apos;t change by click on status button did not expect [Active] but found [Active]">
      <![CDATA[java.lang.AssertionError: Delivery boy status didn't change by click on status button did not expect [Active] but found [Active]
at testscript.ManageDeliveryBoyTest.verifyDeliverBoyStatusGettingChangedByStatusButtonClick(ManageDeliveryBoyTest.java:190)
at java.base/java.util.ArrayList.forEach(ArrayList.java:1511)
... Removed 31 stack frames]]>
    </failure>
  </testcase> <!-- verifyDeliverBoyStatusGettingChangedByStatusButtonClick -->
  <testcase classname="testscript.ManageDeliveryBoyTest" name="verifyNoDeliverBoyPresntInTheListForAnInValidName" time="0.0">
    <ignored/>
  </testcase> <!-- verifyNoDeliverBoyPresntInTheListForAnInValidName -->
  <testcase classname="testscript.ManageDeliveryBoyTest" name="verifyIsFirstRowOfDeliveryBoyIsDeletedByDeleteButtonClick" time="0.0">
    <ignored/>
  </testcase> <!-- verifyIsFirstRowOfDeliveryBoyIsDeletedByDeleteButtonClick -->
  <testcase classname="testscript.ManageDeliveryBoyTest" name="verifyNoDeliverBoyPresntInTheListForAnInValidPhoneNumber" time="0.0">
    <ignored/>
  </testcase> <!-- verifyNoDeliverBoyPresntInTheListForAnInValidPhoneNumber -->
  <testcase classname="testscript.ManageDeliveryBoyTest" name="verifyNoDeliverBoyPresntInTheListForAnInValidEmail" time="0.0">
    <ignored/>
  </testcase> <!-- verifyNoDeliverBoyPresntInTheListForAnInValidEmail -->
  <testcase classname="testscript.ManageDeliveryBoyTest" name="verifyAnyDeliverBoyPresentInTheListForAValidEmail" time="0.0">
    <ignored/>
  </testcase> <!-- verifyAnyDeliverBoyPresentInTheListForAValidEmail -->
  <testcase classname="testscript.ManageDeliveryBoyTest" name="verifyNoNewDeliverBoyIsGettingCreatedIfMandatoryFieldsAreMissing" time="0.0">
    <ignored/>
  </testcase> <!-- verifyNoNewDeliverBoyIsGettingCreatedIfMandatoryFieldsAreMissing -->
  <testcase classname="testscript.ManageDeliveryBoyTest" name="verifyAnyDeliverBoyPresentInTheListForAValidePhoneNumber" time="0.0">
    <ignored/>
  </testcase> <!-- verifyAnyDeliverBoyPresentInTheListForAValidePhoneNumber -->
  <testcase classname="testscript.ManageDeliveryBoyTest" name="verifyAnyDeliverBoyPresentInTheListForAValidName" time="0.0">
    <ignored/>
  </testcase> <!-- verifyAnyDeliverBoyPresentInTheListForAValidName -->
</testsuite> <!-- Test -->
