<?xml version="1.0" encoding="UTF-8"?>
<!-- Generated by org.testng.reporters.JUnitXMLReporter -->
<testsuite ignored="3" hostname="LAPTOP-5VTFGCLM" failures="0" tests="2" name="Test" time="10.852" errors="0" timestamp="2024-04-02T13:11:42 IST">
  <testcase classname="testscript.LoginTest" name="verifyWhetherTheUserIsAbleToLoginWithValidCredentials" time="1.946"/>
  <testcase classname="testscript.ManageOfferCodeTest" name="veryfyWhetherNewOfferCodeIsGettingAddedWhenCoorectDetailsAreEntered" time="2.872"/>
  <testcase classname="testscript.LoginTest" name="verifyWhetherTheUserIsUnbleToLoginWithIncorrectUserNameAndCorrectPassWord" time="0.0">
    <ignored/>
  </testcase> <!-- verifyWhetherTheUserIsUnbleToLoginWithIncorrectUserNameAndCorrectPassWord -->
  <testcase classname="testscript.LoginTest" name="verifyWhetherTheUserIsUnableToLoginWithIncorrectUserNameAndIncorrectPassWord" time="0.0">
    <ignored/>
  </testcase> <!-- verifyWhetherTheUserIsUnableToLoginWithIncorrectUserNameAndIncorrectPassWord -->
  <testcase classname="testscript.LoginTest" name="verifyWhetherTheUserIsUnableToLoginWithCorrectUserNameAndIncorrectPassWord" time="0.0">
    <ignored/>
  </testcase> <!-- verifyWhetherTheUserIsUnableToLoginWithCorrectUserNameAndIncorrectPassWord -->
</testsuite> <!-- Test -->
