<?xml version="1.0" encoding="UTF-8"?>
<!-- Generated by org.testng.reporters.JUnitXMLReporter -->
<testsuite ignored="6" hostname="LAPTOP-5VTFGCLM" failures="0" tests="1" name="Default test" time="6.117" errors="0" timestamp="2024-01-22T13:42:43 IST">
  <testcase classname="testscript.ManageDeliveryBoyTest" name="verifyAnyDeliverBoyPresentInTheListForAValidePhoneNumber" time="2.931"/>
  <testcase classname="testscript.ManageDeliveryBoyTest" name="verifyAnyDeliverBoyPresentInTheListForAValidName" time="0.0">
    <ignored/>
  </testcase> <!-- verifyAnyDeliverBoyPresentInTheListForAValidName -->
  <testcase classname="testscript.ManageDeliveryBoyTest" name="verifyNoDeliverBoyPresntInTheListForAnInValidName" time="0.0">
    <ignored/>
  </testcase> <!-- verifyNoDeliverBoyPresntInTheListForAnInValidName -->
  <testcase classname="testscript.ManageDeliveryBoyTest" name="verifyNoDeliverBoyPresntInTheListForAnInValidEmail" time="0.0">
    <ignored/>
  </testcase> <!-- verifyNoDeliverBoyPresntInTheListForAnInValidEmail -->
  <testcase classname="testscript.ManageDeliveryBoyTest" name="verifyNoDeliverBoyPresntInTheListForAnInValidPhoneNumber" time="0.0">
    <ignored/>
  </testcase> <!-- verifyNoDeliverBoyPresntInTheListForAnInValidPhoneNumber -->
  <testcase classname="testscript.ManageDeliveryBoyTest" name="verifyNoNewDeliverBoyIsGettingCreatedIfMandatoryFieldsAreMissing" time="0.0">
    <ignored/>
  </testcase> <!-- verifyNoNewDeliverBoyIsGettingCreatedIfMandatoryFieldsAreMissing -->
  <testcase classname="testscript.ManageDeliveryBoyTest" name="verifyAnyDeliverBoyPresentInTheListForAValidEmail" time="0.0">
    <ignored/>
  </testcase> <!-- verifyAnyDeliverBoyPresentInTheListForAValidEmail -->
</testsuite> <!-- Default test -->
