<?xml version="1.0" encoding="UTF-8"?>
<!-- Generated by org.testng.reporters.JUnitXMLReporter -->
<testsuite ignored="8" hostname="LAPTOP-5VTFGCLM" failures="0" tests="1" name="Default test" time="5.975" errors="0" timestamp="2024-01-30T14:05:27 IST">
  <testcase classname="testscript.ManageDeliveryBoyTest" name="verifyIsFirstRowOfDeliveryBoyIsDeletedByDeleteButtonClick" time="2.846"/>
  <testcase classname="testscript.ManageDeliveryBoyTest" name="verifyNoDeliverBoyPresntInTheListForAnInValidPhoneNumber" time="0.0">
    <ignored/>
  </testcase> <!-- verifyNoDeliverBoyPresntInTheListForAnInValidPhoneNumber -->
  <testcase classname="testscript.ManageDeliveryBoyTest" name="verifyAnyDeliverBoyPresentInTheListForAValidEmail" time="0.0">
    <ignored/>
  </testcase> <!-- verifyAnyDeliverBoyPresentInTheListForAValidEmail -->
  <testcase classname="testscript.ManageDeliveryBoyTest" name="verifyNoNewDeliverBoyIsGettingCreatedIfMandatoryFieldsAreMissing" time="0.0">
    <ignored/>
  </testcase> <!-- verifyNoNewDeliverBoyIsGettingCreatedIfMandatoryFieldsAreMissing -->
  <testcase classname="testscript.ManageDeliveryBoyTest" name="verifyNoDeliverBoyPresntInTheListForAnInValidEmail" time="0.0">
    <ignored/>
  </testcase> <!-- verifyNoDeliverBoyPresntInTheListForAnInValidEmail -->
  <testcase classname="testscript.ManageDeliveryBoyTest" name="verifyAnyDeliverBoyPresentInTheListForAValidName" time="0.0">
    <ignored/>
  </testcase> <!-- verifyAnyDeliverBoyPresentInTheListForAValidName -->
  <testcase classname="testscript.ManageDeliveryBoyTest" name="verifyDeliverBoyStatusGettingChangedByStatusButtonClick" time="0.0">
    <ignored/>
  </testcase> <!-- verifyDeliverBoyStatusGettingChangedByStatusButtonClick -->
  <testcase classname="testscript.ManageDeliveryBoyTest" name="verifyNoDeliverBoyPresntInTheListForAnInValidName" time="0.0">
    <ignored/>
  </testcase> <!-- verifyNoDeliverBoyPresntInTheListForAnInValidName -->
  <testcase classname="testscript.ManageDeliveryBoyTest" name="verifyAnyDeliverBoyPresentInTheListForAValidePhoneNumber" time="0.0">
    <ignored/>
  </testcase> <!-- verifyAnyDeliverBoyPresentInTheListForAValidePhoneNumber -->
</testsuite> <!-- Default test -->
