<?xml version="1.0" encoding="UTF-8"?>
<!-- Generated by org.testng.reporters.JUnitXMLReporter -->
<testsuite ignored="0" hostname="LAPTOP-5VTFGCLM" failures="0" tests="2" name="Test" time="9.977" errors="0" timestamp="2024-04-02T08:21:16 IST">
  <testcase classname="testscript.ManageOfferCodeTest" name="veryfyWhetherNewOfferCodeIsGettingAddedWhenCoorectDetailsAreEntered" time="4.191"/>
  <testcase classname="testscript.ManageOrderTest" name="verifyIsOrderDetailsViewableForAnExistingOrderID" time="6.244"/>
</testsuite> <!-- Test -->
