<?xml version="1.0" encoding="UTF-8"?>
<!-- Generated by org.testng.reporters.JUnitXMLReporter -->
<testsuite ignored="0" hostname="LAPTOP-5VTFGCLM" failures="0" tests="4" name="Test" time="15.258" errors="0" timestamp="2024-02-08T21:10:46 IST">
  <testcase classname="testscript.ManageOfferCodeTest" name="veryfyWhetherNewOfferCodeIsGettingAddedWhenCoorectDetailsAreEntered" time="0.139">
    <skipped/>
  </testcase> <!-- veryfyWhetherNewOfferCodeIsGettingAddedWhenCoorectDetailsAreEntered -->
  <testcase classname="testscript.ManageOrderTest" name="verifyIsOrderDetailsViewableForAnExistingOrderID" time="0.201">
    <skipped/>
  </testcase> <!-- verifyIsOrderDetailsViewableForAnExistingOrderID -->
  <testcase classname="testscript.ManageOfferCodeTest" name="veryfyWhetherNewOfferCodeIsGettingAddedWhenCoorectDetailsAreEntered" time="5.204"/>
  <testcase classname="testscript.ManageOrderTest" name="verifyIsOrderDetailsViewableForAnExistingOrderID" time="6.394"/>
</testsuite> <!-- Test -->
