<?xml version="1.0" encoding="UTF-8"?>
<!-- Generated by org.testng.reporters.JUnitXMLReporter -->
<testsuite ignored="0" hostname="LAPTOP-5VTFGCLM" failures="0" tests="5" name="Test1" time="20.408" errors="0" timestamp="2024-02-08T21:24:32 IST">
  <testcase classname="testscript.LoginTest" name="verifyWhetherTheUserIsAbleToLoginWithValidCredentials" time="1.71"/>
  <testcase classname="testscript.LoginTest" name="verifyWhetherTheUserIsUnableToLoginWithCorrectUserNameAndIncorrectPassWord" time="0.581"/>
  <testcase classname="testscript.LoginTest" name="verifyWhetherTheUserIsUnableToLoginWithIncorrectUserNameAndIncorrectPassWord" time="0.598"/>
  <testcase classname="testscript.LoginTest" name="verifyWhetherTheUserIsUnbleToLoginWithIncorrectUserNameAndCorrectPassWord" time="0.537"/>
  <testcase classname="testscript.ManageOrderTest" name="verifyIsOrderDetailsViewableForAnExistingOrderID" time="3.412"/>
</testsuite> <!-- Test1 -->
