<?xml version="1.0" encoding="UTF-8"?>
<testng-results ignored="0" total="1" passed="1" failed="0" skipped="0">
  <reporter-output>
  </reporter-output>
  <suite started-at="2024-01-30T22:11:47 IST" name="Suite" finished-at="2024-01-30T22:11:54 IST" duration-ms="6978">
    <groups>
    </groups>
    <test started-at="2024-01-30T22:11:47 IST" name="Test" finished-at="2024-01-30T22:11:54 IST" duration-ms="6978">
      <class name="testscript.LoginTest">
        <test-method is-config="true" signature="inititializeBrowser(java.lang.String)[pri:0, instance:testscript.LoginTest@13330ac6]" started-at="2024-01-30T22:11:47 IST" name="inititializeBrowser" finished-at="2024-01-30T22:11:51 IST" duration-ms="3969" status="PASS">
          <params>
            <param index="0">
              <value>
                <![CDATA[Chrome]]>
              </value>
            </param>
          </params>
          <reporter-output>
          </reporter-output>
        </test-method> <!-- inititializeBrowser -->
        <test-method signature="verifyWhetherTheUserIsAbleToLoginWithValidCredentials()[pri:0, instance:testscript.LoginTest@13330ac6]" started-at="2024-01-30T22:11:51 IST" name="verifyWhetherTheUserIsAbleToLoginWithValidCredentials" description="verify whether the user is able to log in with correct username and correct password" finished-at="2024-01-30T22:11:53 IST" duration-ms="2576" status="PASS">
          <reporter-output>
          </reporter-output>
        </test-method> <!-- verifyWhetherTheUserIsAbleToLoginWithValidCredentials -->
        <test-method is-config="true" signature="driverQuit()[pri:0, instance:testscript.LoginTest@13330ac6]" started-at="2024-01-30T22:11:53 IST" name="driverQuit" finished-at="2024-01-30T22:11:54 IST" duration-ms="359" status="PASS">
          <reporter-output>
          </reporter-output>
        </test-method> <!-- driverQuit -->
      </class> <!-- testscript.LoginTest -->
    </test> <!-- Test -->
  </suite> <!-- Suite -->
</testng-results>
