<?xml version="1.0" encoding="UTF-8"?>
<testng-results ignored="0" total="7" passed="7" failed="0" skipped="0">
  <reporter-output>
  </reporter-output>
  <suite started-at="2024-01-25T22:11:35 IST" name="Suite" finished-at="2024-01-25T22:12:21 IST" duration-ms="45688">
    <groups>
    </groups>
    <test started-at="2024-01-25T22:11:35 IST" name="Test" finished-at="2024-01-25T22:12:21 IST" duration-ms="45688">
      <class name="testscript.ManageDeliveryBoyTest">
        <test-method is-config="true" signature="inititializeBrowser()[pri:0, instance:testscript.ManageDeliveryBoyTest@71ba6d4e]" started-at="2024-01-25T22:11:35 IST" name="inititializeBrowser" finished-at="2024-01-25T22:11:39 IST" duration-ms="3641" status="PASS">
          <reporter-output>
          </reporter-output>
        </test-method> <!-- inititializeBrowser -->
        <test-method signature="verifyNoNewDeliverBoyIsGettingCreatedIfMandatoryFieldsAreMissing()[pri:0, instance:testscript.ManageDeliveryBoyTest@71ba6d4e]" started-at="2024-01-25T22:11:39 IST" name="verifyNoNewDeliverBoyIsGettingCreatedIfMandatoryFieldsAreMissing" description="Verify whether no new delivery boy is getting added if the mandatory fields missing" finished-at="2024-01-25T22:11:43 IST" duration-ms="4283" status="PASS">
          <reporter-output>
          </reporter-output>
        </test-method> <!-- verifyNoNewDeliverBoyIsGettingCreatedIfMandatoryFieldsAreMissing -->
        <test-method is-config="true" signature="driverQuit()[pri:0, instance:testscript.ManageDeliveryBoyTest@71ba6d4e]" started-at="2024-01-25T22:11:43 IST" name="driverQuit" finished-at="2024-01-25T22:11:43 IST" duration-ms="313" status="PASS">
          <reporter-output>
          </reporter-output>
        </test-method> <!-- driverQuit -->
        <test-method is-config="true" signature="inititializeBrowser()[pri:0, instance:testscript.ManageDeliveryBoyTest@71ba6d4e]" started-at="2024-01-25T22:11:43 IST" name="inititializeBrowser" finished-at="2024-01-25T22:11:46 IST" duration-ms="2587" status="PASS">
          <reporter-output>
          </reporter-output>
        </test-method> <!-- inititializeBrowser -->
        <test-method signature="verifyDeliverBoyStatusGettingChangedByStatusButtonClick()[pri:0, instance:testscript.ManageDeliveryBoyTest@71ba6d4e]" started-at="2024-01-25T22:11:46 IST" name="verifyDeliverBoyStatusGettingChangedByStatusButtonClick" description="Verify whether the delivery boy status is getting changed by the status button click" finished-at="2024-01-25T22:11:48 IST" duration-ms="2115" status="PASS">
          <reporter-output>
          </reporter-output>
        </test-method> <!-- verifyDeliverBoyStatusGettingChangedByStatusButtonClick -->
        <test-method is-config="true" signature="driverQuit()[pri:0, instance:testscript.ManageDeliveryBoyTest@71ba6d4e]" started-at="2024-01-25T22:11:48 IST" name="driverQuit" finished-at="2024-01-25T22:11:48 IST" duration-ms="198" status="PASS">
          <reporter-output>
          </reporter-output>
        </test-method> <!-- driverQuit -->
        <test-method is-config="true" signature="inititializeBrowser()[pri:0, instance:testscript.ManageDeliveryBoyTest@71ba6d4e]" started-at="2024-01-25T22:11:48 IST" name="inititializeBrowser" finished-at="2024-01-25T22:11:50 IST" duration-ms="2343" status="PASS">
          <reporter-output>
          </reporter-output>
        </test-method> <!-- inititializeBrowser -->
        <test-method signature="verifyAnyDeliverBoyPresentInTheListForAValidEmail()[pri:0, instance:testscript.ManageDeliveryBoyTest@71ba6d4e]" started-at="2024-01-25T22:11:50 IST" name="verifyAnyDeliverBoyPresentInTheListForAValidEmail" description="Verify whether any delivery boy is present in the list for a valid email id" finished-at="2024-01-25T22:11:53 IST" duration-ms="2318" status="PASS">
          <reporter-output>
          </reporter-output>
        </test-method> <!-- verifyAnyDeliverBoyPresentInTheListForAValidEmail -->
        <test-method is-config="true" signature="driverQuit()[pri:0, instance:testscript.ManageDeliveryBoyTest@71ba6d4e]" started-at="2024-01-25T22:11:53 IST" name="driverQuit" finished-at="2024-01-25T22:11:53 IST" duration-ms="252" status="PASS">
          <reporter-output>
          </reporter-output>
        </test-method> <!-- driverQuit -->
      </class> <!-- testscript.ManageDeliveryBoyTest -->
      <class name="testscript.ManageOrderTest">
        <test-method is-config="true" signature="inititializeBrowser()[pri:0, instance:testscript.ManageOrderTest@7bba5817]" started-at="2024-01-25T22:12:03 IST" name="inititializeBrowser" finished-at="2024-01-25T22:12:06 IST" duration-ms="2491" status="PASS">
          <reporter-output>
          </reporter-output>
        </test-method> <!-- inititializeBrowser -->
        <test-method signature="verifyIsOrderDetailsViewableForAnExistingOrderID()[pri:0, instance:testscript.ManageOrderTest@7bba5817]" started-at="2024-01-25T22:12:06 IST" name="verifyIsOrderDetailsViewableForAnExistingOrderID" description="Veryfing able to see the details of an existing order number" finished-at="2024-01-25T22:12:11 IST" duration-ms="5278" status="PASS">
          <reporter-output>
          </reporter-output>
        </test-method> <!-- verifyIsOrderDetailsViewableForAnExistingOrderID -->
        <test-method is-config="true" signature="driverQuit()[pri:0, instance:testscript.ManageOrderTest@7bba5817]" started-at="2024-01-25T22:12:11 IST" name="driverQuit" finished-at="2024-01-25T22:12:11 IST" duration-ms="184" status="PASS">
          <reporter-output>
          </reporter-output>
        </test-method> <!-- driverQuit -->
      </class> <!-- testscript.ManageOrderTest -->
      <class name="testscript.ManageOfferCodeTest">
        <test-method is-config="true" signature="inititializeBrowser()[pri:0, instance:testscript.ManageOfferCodeTest@742ff096]" started-at="2024-01-25T22:12:11 IST" name="inititializeBrowser" finished-at="2024-01-25T22:12:14 IST" duration-ms="2865" status="PASS">
          <reporter-output>
          </reporter-output>
        </test-method> <!-- inititializeBrowser -->
        <test-method signature="veryfyWhetherNewOfferCodeIsGettingAddedWhenCoorectDetailsAreEntered()[pri:0, instance:testscript.ManageOfferCodeTest@742ff096]" started-at="2024-01-25T22:12:14 IST" name="veryfyWhetherNewOfferCodeIsGettingAddedWhenCoorectDetailsAreEntered" description="verify whether new offer code is getting added when correct deatils are entered" finished-at="2024-01-25T22:12:20 IST" duration-ms="6183" status="PASS">
          <reporter-output>
          </reporter-output>
        </test-method> <!-- veryfyWhetherNewOfferCodeIsGettingAddedWhenCoorectDetailsAreEntered -->
        <test-method is-config="true" signature="driverQuit()[pri:0, instance:testscript.ManageOfferCodeTest@742ff096]" started-at="2024-01-25T22:12:20 IST" name="driverQuit" finished-at="2024-01-25T22:12:21 IST" duration-ms="283" status="PASS">
          <reporter-output>
          </reporter-output>
        </test-method> <!-- driverQuit -->
      </class> <!-- testscript.ManageOfferCodeTest -->
      <class name="testscript.AdminUsersTest">
        <test-method is-config="true" signature="inititializeBrowser()[pri:0, instance:testscript.AdminUsersTest@712625fd]" started-at="2024-01-25T22:11:57 IST" name="inititializeBrowser" finished-at="2024-01-25T22:11:59 IST" duration-ms="2516" status="PASS">
          <reporter-output>
          </reporter-output>
        </test-method> <!-- inititializeBrowser -->
        <test-method signature="verifyWhetherAnUserSuccessfullyGetAddedWhenEnteringCorrectDetails()[pri:0, instance:testscript.AdminUsersTest@712625fd]" started-at="2024-01-25T22:11:59 IST" name="verifyWhetherAnUserSuccessfullyGetAddedWhenEnteringCorrectDetails" description="Verify whether new user is getting added when entering corrrect details " finished-at="2024-01-25T22:12:03 IST" duration-ms="3971" status="PASS">
          <reporter-output>
          </reporter-output>
        </test-method> <!-- verifyWhetherAnUserSuccessfullyGetAddedWhenEnteringCorrectDetails -->
        <test-method is-config="true" signature="driverQuit()[pri:0, instance:testscript.AdminUsersTest@712625fd]" started-at="2024-01-25T22:12:03 IST" name="driverQuit" finished-at="2024-01-25T22:12:03 IST" duration-ms="230" status="PASS">
          <reporter-output>
          </reporter-output>
        </test-method> <!-- driverQuit -->
      </class> <!-- testscript.AdminUsersTest -->
      <class name="testscript.LoginTest">
        <test-method is-config="true" signature="inititializeBrowser()[pri:0, instance:testscript.LoginTest@33065d67]" started-at="2024-01-25T22:11:53 IST" name="inititializeBrowser" finished-at="2024-01-25T22:11:55 IST" duration-ms="2382" status="PASS">
          <reporter-output>
          </reporter-output>
        </test-method> <!-- inititializeBrowser -->
        <test-method signature="verifyWhetherTheUserIsAbleToLoginWithValidCredentials()[pri:0, instance:testscript.LoginTest@33065d67]" started-at="2024-01-25T22:11:55 IST" name="verifyWhetherTheUserIsAbleToLoginWithValidCredentials" description="verify whether the user is able to log in with correct username and correct password" finished-at="2024-01-25T22:11:56 IST" duration-ms="985" status="PASS">
          <reporter-output>
          </reporter-output>
        </test-method> <!-- verifyWhetherTheUserIsAbleToLoginWithValidCredentials -->
        <test-method is-config="true" signature="driverQuit()[pri:0, instance:testscript.LoginTest@33065d67]" started-at="2024-01-25T22:11:56 IST" name="driverQuit" finished-at="2024-01-25T22:11:57 IST" duration-ms="224" status="PASS">
          <reporter-output>
          </reporter-output>
        </test-method> <!-- driverQuit -->
      </class> <!-- testscript.LoginTest -->
    </test> <!-- Test -->
  </suite> <!-- Suite -->
</testng-results>
