<?xml version="1.0" encoding="UTF-8"?>
<!-- Generated by org.testng.reporters.JUnitXMLReporter -->
<testsuite ignored="3" hostname="LAPTOP-5VTFGCLM" failures="0" tests="1" name="ChromeTest" time="8.827" errors="0" timestamp="2024-01-31T21:44:30 IST">
  <testcase classname="testscript.LoginTest" name="verifyWhetherTheUserIsAbleToLoginWithValidCredentials" time="2.669"/>
  <testcase classname="testscript.LoginTest" name="verifyWhetherTheUserIsUnableToLoginWithIncorrectUserNameAndIncorrectPassWord" time="0.0">
    <ignored/>
  </testcase> <!-- verifyWhetherTheUserIsUnableToLoginWithIncorrectUserNameAndIncorrectPassWord -->
  <testcase classname="testscript.LoginTest" name="verifyWhetherTheUserIsUnableToLoginWithCorrectUserNameAndIncorrectPassWord" time="0.0">
    <ignored/>
  </testcase> <!-- verifyWhetherTheUserIsUnableToLoginWithCorrectUserNameAndIncorrectPassWord -->
  <testcase classname="testscript.LoginTest" name="verifyWhetherTheUserIsUnbleToLoginWithIncorrectUserNameAndCorrectPassWord" time="0.0">
    <ignored/>
  </testcase> <!-- verifyWhetherTheUserIsUnbleToLoginWithIncorrectUserNameAndCorrectPassWord -->
</testsuite> <!-- ChromeTest -->
