<?xml version="1.0" encoding="UTF-8"?>
<!-- Generated by org.testng.reporters.JUnitXMLReporter -->
<testsuite ignored="3" hostname="LAPTOP-5VTFGCLM" failures="0" tests="1" name="EdgeTest" time="24.915" errors="0" timestamp="2024-01-31T21:44:55 IST">
  <testcase classname="testscript.LoginTest" name="verifyWhetherTheUserIsAbleToLoginWithValidCredentials" time="2.0"/>
  <testcase classname="testscript.LoginTest" name="verifyWhetherTheUserIsUnbleToLoginWithIncorrectUserNameAndCorrectPassWord" time="0.0">
    <ignored/>
  </testcase> <!-- verifyWhetherTheUserIsUnbleToLoginWithIncorrectUserNameAndCorrectPassWord -->
  <testcase classname="testscript.LoginTest" name="verifyWhetherTheUserIsUnableToLoginWithCorrectUserNameAndIncorrectPassWord" time="0.0">
    <ignored/>
  </testcase> <!-- verifyWhetherTheUserIsUnableToLoginWithCorrectUserNameAndIncorrectPassWord -->
  <testcase classname="testscript.LoginTest" name="verifyWhetherTheUserIsUnableToLoginWithIncorrectUserNameAndIncorrectPassWord" time="0.0">
    <ignored/>
  </testcase> <!-- verifyWhetherTheUserIsUnableToLoginWithIncorrectUserNameAndIncorrectPassWord -->
</testsuite> <!-- EdgeTest -->
